<?xml version="1.0" encoding="UTF-8"?>
<!-- Generated by org.testng.reporters.JUnitXMLReporter -->
<testsuite ignored="0" hostname="DESKTOP-VIEGQI7" failures="3" tests="19" name="Regression" time="202.104" errors="0" timestamp="2022-08-27T03:11:14 EET">
  <testcase classname="automationPracticeTest.FE.LoginFeature" name="createAccountValidation" time="19.817"/>
  <testcase classname="automationPracticeTest.FE.LoginFeature" name="loginValidation" time="25.289"/>
  <testcase classname="automationPracticeTest.FE.ProductPurchase" name="AddToCartFunctionality" time="45.798">
    <failure type="java.lang.AssertionError" message="product added to the cart can not be found expected [1] but found [0]">
      <![CDATA[java.lang.AssertionError: product added to the cart can not be found expected [1] but found [0]
at automationPracticeTest.FE.ProductPurchase.AddToCartFunctionality(ProductPurchase.java:129)
at java.base/java.util.concurrent.ThreadPoolExecutor.runWorker(ThreadPoolExecutor.java:1136)
at java.base/java.util.concurrent.ThreadPoolExecutor$Worker.run(ThreadPoolExecutor.java:635)
at java.base/java.lang.Thread.run(Thread.java:833)
... Removed 17 stack frames]]>
    </failure>
  </testcase> <!-- AddToCartFunctionality -->
  <testcase classname="automationPracticeTest.FE.LoginFeature" name="loginValidation" time="16.324"/>
  <testcase classname="automationPracticeTest.FE.LoginFeature" name="loginValidation" time="6.364"/>
  <testcase classname="automationPracticeTest.FE.LoginFeature" name="loginValidation" time="4.508"/>
  <testcase classname="automationPracticeTest.FE.LoginFeature" name="loginValidation" time="5.502"/>
  <testcase classname="automationPracticeTest.FE.ProductPurchase" name="productQuantityValidation" time="35.887">
    <failure type="java.lang.AssertionError" message="expected [Negative quantity.] but found [null]">
      <![CDATA[java.lang.AssertionError: expected [Negative quantity.] but found [null]
at automationPracticeTest.FE.ProductPurchase.productQuantityValidation(ProductPurchase.java:108)
at java.base/java.util.concurrent.ThreadPoolExecutor.runWorker(ThreadPoolExecutor.java:1136)
at java.base/java.util.concurrent.ThreadPoolExecutor$Worker.run(ThreadPoolExecutor.java:635)
at java.base/java.lang.Thread.run(Thread.java:833)
... Removed 18 stack frames]]>
    </failure>
  </testcase> <!-- productQuantityValidation -->
  <testcase classname="automationPracticeTest.FE.LoginFeature" name="loginValidation" time="6.944"/>
  <testcase classname="automationPracticeTest.FE.LoginFeature" name="loginValidation" time="11.373"/>
  <testcase classname="automationPracticeTest.FE.LoginFeature" name="accountCreationUsingInvalidPersonalData" time="16.511"/>
  <testcase classname="automationPracticeTest.FE.LoginFeature" name="accountCreationUsingInvalidPersonalData" time="12.754"/>
  <testcase classname="automationPracticeTest.FE.ProductPurchase" name="validationOfProductSorting" time="45.746">
    <failure type="java.lang.AssertionError" message="Products should be in a descending order expected [true] but found [false]">
      <![CDATA[java.lang.AssertionError: Products should be in a descending order expected [true] but found [false]
at automationPracticeTest.FE.ProductPurchase.validationOfProductSorting(ProductPurchase.java:91)
at java.base/java.util.concurrent.ThreadPoolExecutor.runWorker(ThreadPoolExecutor.java:1136)
at java.base/java.util.concurrent.ThreadPoolExecutor$Worker.run(ThreadPoolExecutor.java:635)
at java.base/java.lang.Thread.run(Thread.java:833)
... Removed 15 stack frames]]>
    </failure>
  </testcase> <!-- validationOfProductSorting -->
  <testcase classname="automationPracticeTest.FE.LoginFeature" name="accountCreationUsingInvalidPersonalData" time="15.023"/>
  <testcase classname="automationPracticeTest.FE.LoginFeature" name="accountCreationUsingInvalidPersonalData" time="21.545"/>
  <testcase classname="automationPracticeTest.FE.LoginFeature" name="loginWithDataCreated" time="14.865"/>
  <testcase classname="automationPracticeTest.FE.ProductPurchase" name="productPurchase_E2E" time="55.837"/>
  <testcase classname="automationPracticeTest.FE.LoginFeature" name="accountCreationUsingRegisteredEmail" time="13.145"/>
  <testcase classname="automationPracticeTest.FE.ProductPurchase" name="validateDownloadingInvoicePDF" time="7.54"/>
</testsuite> <!-- Regression -->
